Thu Jul 18 03:04:43 BRT 2024 : Apache Derby Servidor de Rede - 10.14.2.0 - (1828579) iniciado e pronto para aceitar conexões na porta 1527 em {3}
----------------------------------------------------------------
Thu Jul 18 03:05:07 BRT 2024:
 Inicializando o Derby versão The Apache Software Foundation - Apache Derby - 10.14.2.0 - (1828579): instância a816c00e-0190-c471-5ec4-000032ec18ca
no diretório de banco de dados C:\Users\estudo\Documents\NetBeansProjects\CampusResolve\Derby\campusresolve 

java.vendor=Oracle Corporation
java.runtime.version=1.8.0_341-b10
user.dir=C:\Users\estudo\Documents\NetBeansProjects\CampusResolve\conectores\db-derby-10.14.2.0-bin
os.name=Windows 10
os.arch=amd64
os.version=10.0
derby.system.home=C:\Users\estudo\Documents\NetBeansProjects\CampusResolve\Derby
Carregador de classe do banco de dados iniciado - derby.database.classpath=''
----------------------------------------------------------------
Thu Jul 18 03:05:12 BRT 2024:
Encerrando a instância a816c00e-0190-c471-5ec4-000032ec18ca
Thu Jul 18 03:05:12 BRT 2024 Thread[DRDAConnThread_3,5,main] (DATABASE = campusresolve), (DRDAID = {2}), Banco de dados 'campusresolve' fechado.
----------------------------------------------------------------
Thu Jul 18 03:05:27 BRT 2024:
 Inicializando o Derby versão The Apache Software Foundation - Apache Derby - 10.14.2.0 - (1828579): instância 6ede40af-0190-c471-5ec4-000032ec18ca
no diretório de banco de dados C:\Users\estudo\Documents\NetBeansProjects\CampusResolve\Derby\campusresolve 

java.vendor=Oracle Corporation
java.runtime.version=1.8.0_341-b10
user.dir=C:\Users\estudo\Documents\NetBeansProjects\CampusResolve\conectores\db-derby-10.14.2.0-bin
os.name=Windows 10
os.arch=amd64
os.version=10.0
derby.system.home=C:\Users\estudo\Documents\NetBeansProjects\CampusResolve\Derby
Carregador de classe do banco de dados iniciado - derby.database.classpath=''
----------------------------------------------------------------
Thu Jul 18 03:14:47 BRT 2024: Shutting down Derby engine
